E:\Ecommerce_B2C_dotnet_FrontEnd_WebApp\Ecommerce_B2C_dotnet_FrontEnd\Ecommerce_B2C_dotnet_FrontEnd\ClientApp\dist\out-tsc\e2e\src\app.po.js
E:\Ecommerce_B2C_dotnet_FrontEnd_WebApp\Ecommerce_B2C_dotnet_FrontEnd\Ecommerce_B2C_dotnet_FrontEnd\ClientApp\dist\out-tsc\e2e\src\app.po.js.map
E:\Ecommerce_B2C_dotnet_FrontEnd_WebApp\Ecommerce_B2C_dotnet_FrontEnd\Ecommerce_B2C_dotnet_FrontEnd\ClientApp\dist\out-tsc\e2e\src\app.e2e-spec.js
E:\Ecommerce_B2C_dotnet_FrontEnd_WebApp\Ecommerce_B2C_dotnet_FrontEnd\Ecommerce_B2C_dotnet_FrontEnd\ClientApp\dist\out-tsc\e2e\src\app.e2e-spec.js.map
E:\Ecommerce_B2C_dotnet_FrontEnd_WebApp\Ecommerce_B2C_dotnet_FrontEnd\Ecommerce_B2C_dotnet_FrontEnd\ClientApp\dist\out-tsc\src\app\app-routing.module.js
E:\Ecommerce_B2C_dotnet_FrontEnd_WebApp\Ecommerce_B2C_dotnet_FrontEnd\Ecommerce_B2C_dotnet_FrontEnd\ClientApp\dist\out-tsc\src\app\app-routing.module.js.map
E:\Ecommerce_B2C_dotnet_FrontEnd_WebApp\Ecommerce_B2C_dotnet_FrontEnd\Ecommerce_B2C_dotnet_FrontEnd\ClientApp\dist\out-tsc\src\app\app.component.js
E:\Ecommerce_B2C_dotnet_FrontEnd_WebApp\Ecommerce_B2C_dotnet_FrontEnd\Ecommerce_B2C_dotnet_FrontEnd\ClientApp\dist\out-tsc\src\app\app.component.js.map
E:\Ecommerce_B2C_dotnet_FrontEnd_WebApp\Ecommerce_B2C_dotnet_FrontEnd\Ecommerce_B2C_dotnet_FrontEnd\ClientApp\dist\out-tsc\src\app\app.module.js
E:\Ecommerce_B2C_dotnet_FrontEnd_WebApp\Ecommerce_B2C_dotnet_FrontEnd\Ecommerce_B2C_dotnet_FrontEnd\ClientApp\dist\out-tsc\src\app\app.module.js.map
E:\Ecommerce_B2C_dotnet_FrontEnd_WebApp\Ecommerce_B2C_dotnet_FrontEnd\Ecommerce_B2C_dotnet_FrontEnd\ClientApp\dist\out-tsc\src\environments\environment.js
E:\Ecommerce_B2C_dotnet_FrontEnd_WebApp\Ecommerce_B2C_dotnet_FrontEnd\Ecommerce_B2C_dotnet_FrontEnd\ClientApp\dist\out-tsc\src\environments\environment.js.map
E:\Ecommerce_B2C_dotnet_FrontEnd_WebApp\Ecommerce_B2C_dotnet_FrontEnd\Ecommerce_B2C_dotnet_FrontEnd\ClientApp\dist\out-tsc\src\main.js
E:\Ecommerce_B2C_dotnet_FrontEnd_WebApp\Ecommerce_B2C_dotnet_FrontEnd\Ecommerce_B2C_dotnet_FrontEnd\ClientApp\dist\out-tsc\src\main.js.map
E:\Ecommerce_B2C_dotnet_FrontEnd_WebApp\Ecommerce_B2C_dotnet_FrontEnd\Ecommerce_B2C_dotnet_FrontEnd\ClientApp\dist\out-tsc\src\polyfills.js
E:\Ecommerce_B2C_dotnet_FrontEnd_WebApp\Ecommerce_B2C_dotnet_FrontEnd\Ecommerce_B2C_dotnet_FrontEnd\ClientApp\dist\out-tsc\src\polyfills.js.map
E:\Ecommerce_B2C_dotnet_FrontEnd_WebApp\Ecommerce_B2C_dotnet_FrontEnd\Ecommerce_B2C_dotnet_FrontEnd\ClientApp\dist\out-tsc\src\test.js
E:\Ecommerce_B2C_dotnet_FrontEnd_WebApp\Ecommerce_B2C_dotnet_FrontEnd\Ecommerce_B2C_dotnet_FrontEnd\ClientApp\dist\out-tsc\src\test.js.map
E:\Ecommerce_B2C_dotnet_FrontEnd_WebApp\Ecommerce_B2C_dotnet_FrontEnd\Ecommerce_B2C_dotnet_FrontEnd\ClientApp\dist\out-tsc\src\app\app.component.spec.js
E:\Ecommerce_B2C_dotnet_FrontEnd_WebApp\Ecommerce_B2C_dotnet_FrontEnd\Ecommerce_B2C_dotnet_FrontEnd\ClientApp\dist\out-tsc\src\app\app.component.spec.js.map
E:\Ecommerce_B2C_dotnet_FrontEnd_WebApp\Ecommerce_B2C_dotnet_FrontEnd\Ecommerce_B2C_dotnet_FrontEnd\ClientApp\dist\out-tsc\src\environments\environment.prod.js
E:\Ecommerce_B2C_dotnet_FrontEnd_WebApp\Ecommerce_B2C_dotnet_FrontEnd\Ecommerce_B2C_dotnet_FrontEnd\ClientApp\dist\out-tsc\src\environments\environment.prod.js.map
